Build started 2015-04-05 08:15:36.
     1>Project "C:\Users\piotr_komp\Documents\Visual Studio 2013\Projects\OpenGLSampleV2\OpenGLSample\OpenGLSample.vcxproj" on node 2 (Build target(s)).
     1>ClCompile:
         C:\Program Files (x86)\Microsoft Visual Studio 12.0\VC\bin\CL.exe /c /I"C:\Users\piotr_komp\Documents\Visual Studio 2013\Projects\OpenGLSampleV2\packages\nupengl.core.0.0.0.1\build\native\../..//build/native/include/" /ZI /nologo /W3 /WX- /sdl /Od /Oy- /D _MBCS /Gm /EHsc /RTC1 /MDd /GS /fp:precise /Zc:wchar_t /Zc:forScope /Fo"Debug\\" /Fd"Debug\vc120.pdb" /Gd /TP /analyze- /errorReport:prompt main.cpp
         main.cpp
     1>c:\users\piotr_komp\documents\visual studio 2013\projects\openglsamplev2\openglsample\main.cpp(5): warning C4067: unexpected tokens following preprocessor directive - expected a newline
     1>c:\users\piotr_komp\documents\visual studio 2013\projects\openglsamplev2\openglsample\main.cpp(6): warning C4067: unexpected tokens following preprocessor directive - expected a newline
     1>c:\users\piotr_komp\documents\visual studio 2013\projects\openglsamplev2\openglsample\main.cpp(7): warning C4067: unexpected tokens following preprocessor directive - expected a newline
     1>c:\users\piotr_komp\documents\visual studio 2013\projects\openglsamplev2\openglsample\main.cpp(8): warning C4067: unexpected tokens following preprocessor directive - expected a newline
     1>c:\users\piotr_komp\documents\visual studio 2013\projects\openglsamplev2\openglsample\main.cpp(10): warning C4067: unexpected tokens following preprocessor directive - expected a newline
     1>c:\users\piotr_komp\documents\visual studio 2013\projects\openglsamplev2\openglsample\main.cpp(60): warning C4244: 'return' : conversion from 'double' to 'GLfloat', possible loss of data
     1>c:\users\piotr_komp\documents\visual studio 2013\projects\openglsamplev2\openglsample\main.cpp(74): warning C4244: '=' : conversion from 'double' to 'GLfloat', possible loss of data
     1>c:\users\piotr_komp\documents\visual studio 2013\projects\openglsamplev2\openglsample\main.cpp(76): warning C4244: '=' : conversion from 'double' to 'GLfloat', possible loss of data
     1>c:\users\piotr_komp\documents\visual studio 2013\projects\openglsamplev2\openglsample\main.cpp(148): warning C4305: 'argument' : truncation from 'double' to 'GLfloat'
     1>c:\users\piotr_komp\documents\visual studio 2013\projects\openglsamplev2\openglsample\main.cpp(151): warning C4305: 'argument' : truncation from 'double' to 'GLfloat'
     1>c:\users\piotr_komp\documents\visual studio 2013\projects\openglsamplev2\openglsample\main.cpp(163): warning C4305: 'argument' : truncation from 'double' to 'GLfloat'
     1>c:\users\piotr_komp\documents\visual studio 2013\projects\openglsamplev2\openglsample\main.cpp(166): warning C4305: 'argument' : truncation from 'double' to 'GLfloat'
     1>c:\users\piotr_komp\documents\visual studio 2013\projects\openglsamplev2\openglsample\main.cpp(178): warning C4305: 'argument' : truncation from 'double' to 'GLfloat'
     1>c:\users\piotr_komp\documents\visual studio 2013\projects\openglsamplev2\openglsample\main.cpp(181): warning C4305: 'argument' : truncation from 'double' to 'GLfloat'
     1>c:\users\piotr_komp\documents\visual studio 2013\projects\openglsamplev2\openglsample\main.cpp(193): warning C4305: 'argument' : truncation from 'double' to 'GLfloat'
     1>c:\users\piotr_komp\documents\visual studio 2013\projects\openglsamplev2\openglsample\main.cpp(196): warning C4305: 'argument' : truncation from 'double' to 'GLfloat'
     1>c:\users\piotr_komp\documents\visual studio 2013\projects\openglsamplev2\openglsample\main.cpp(389): warning C4305: '+=' : truncation from 'double' to 'GLfloat'
     1>c:\users\piotr_komp\documents\visual studio 2013\projects\openglsamplev2\openglsample\main.cpp(395): warning C4305: '+=' : truncation from 'double' to 'GLfloat'
     1>c:\users\piotr_komp\documents\visual studio 2013\projects\openglsamplev2\openglsample\main.cpp(401): warning C4305: '+=' : truncation from 'double' to 'GLfloat'
     1>c:\users\piotr_komp\documents\visual studio 2013\projects\openglsamplev2\openglsample\main.cpp(407): warning C4305: '+=' : truncation from 'double' to 'GLfloat'
       Link:
         C:\Program Files (x86)\Microsoft Visual Studio 12.0\VC\bin\link.exe /ERRORREPORT:PROMPT /OUT:"C:\Users\piotr_komp\Documents\Visual Studio 2013\Projects\OpenGLSampleV2\Debug\OpenGLSample.exe" /INCREMENTAL /NOLOGO "C:\Users\piotr_komp\Documents\Visual Studio 2013\Projects\OpenGLSampleV2\packages\nupengl.core.0.0.0.1\build\native\../..//build/native/lib/Win32\v120\glew32.lib" "C:\Users\piotr_komp\Documents\Visual Studio 2013\Projects\OpenGLSampleV2\packages\nupengl.core.0.0.0.1\build\native\../..//build/native/lib/Win32\v120\glfw3dll.lib" "C:\Users\piotr_komp\Documents\Visual Studio 2013\Projects\OpenGLSampleV2\packages\nupengl.core.0.0.0.1\build\native\../..//build/native/lib/Win32\v120\freeglut.lib" kernel32.lib user32.lib gdi32.lib winspool.lib comdlg32.lib advapi32.lib shell32.lib ole32.lib oleaut32.lib uuid.lib odbc32.lib odbccp32.lib /MANIFEST /MANIFESTUAC:"level='asInvoker' uiAccess='false'" /manifest:embed /DEBUG /PDB:"C:\Users\piotr_komp\Documents\Visual Studio 2013\Projects\OpenGLSampleV2\Debug\OpenGLSample.pdb" /TLBID:1 /DYNAMICBASE /NXCOMPAT /IMPLIB:"C:\Users\piotr_komp\Documents\Visual Studio 2013\Projects\OpenGLSampleV2\Debug\OpenGLSample.lib" /MACHINE:X86 Debug\main.obj
         Debug\Shader_Loader.obj
         OpenGLSample.vcxproj -> C:\Users\piotr_komp\Documents\Visual Studio 2013\Projects\OpenGLSampleV2\Debug\OpenGLSample.exe
     1>Done Building Project "C:\Users\piotr_komp\Documents\Visual Studio 2013\Projects\OpenGLSampleV2\OpenGLSample\OpenGLSample.vcxproj" (Build target(s)).

Build succeeded.

Time Elapsed 00:00:01.20
